This is pdfTeX, Version 3.1415926-2.3-1.40.12 (MiKTeX 2.9 64-bit) (preloaded format=pdflatex 2012.9.7)  15 SEP 2012 18:07
entering extended mode
**\nonstopmode \AtBeginDocument{\OnlyDescription}\input{preview.drv}
(C:\Users\Simon\Downloads\auctex-11.86\auctex-11.86\preview\latex\preview.drv
("C:\Program Files\MiKTeX 2.9\tex\latex\base\ltxdoc.cls"
Document Class: ltxdoc 2007/11/11 v2.0u Standard LaTeX documentation class
("C:\Program Files\MiKTeX 2.9\tex\latex\base\article.cls"
Document Class: article 2007/10/19 v1.4h Standard LaTeX document class
("C:\Program Files\MiKTeX 2.9\tex\latex\base\size10.clo"
File: size10.clo 2007/10/19 v1.4h Standard LaTeX file (size option)
)
\c@part=\count79
\c@section=\count80
\c@subsection=\count81
\c@subsubsection=\count82
\c@paragraph=\count83
\c@subparagraph=\count84
\c@figure=\count85
\c@table=\count86
\abovecaptionskip=\skip41
\belowcaptionskip=\skip42
\bibindent=\dimen102
)
("C:\Program Files\MiKTeX 2.9\tex\latex\base\doc.sty"
Package: doc 2010/02/04 v2.1e Standard LaTeX documentation package (FMi)
\c@StandardModuleDepth=\count87
\guard@level=\count88
\MacrocodeTopsep=\skip43
\MacroIndent=\dimen103
\macro@cnt=\count89
\MacroTopsep=\skip44
\index@excludelist=\toks14

("C:\Program Files\MiKTeX 2.9\tex\latex\tools\multicol.sty"
Package: multicol 2011/06/27 v1.7a multicolumn formatting (FMi)
\c@tracingmulticols=\count90
\mult@box=\box26
\multicol@leftmargin=\dimen104
\c@unbalance=\count91
\c@collectmore=\count92
\doublecol@number=\count93
\multicoltolerance=\count94
\multicolpretolerance=\count95
\full@width=\dimen105
\page@free=\dimen106
\premulticols=\dimen107
\postmulticols=\dimen108
\multicolsep=\skip45
\multicolbaselineskip=\skip46
\partial@page=\box27
\last@line=\box28
\mult@rightbox=\box29
\mult@grightbox=\box30
\mult@gfirstbox=\box31
\mult@firstbox=\box32
\@tempa=\box33
\@tempa=\box34
\@tempa=\box35
\@tempa=\box36
\@tempa=\box37
\@tempa=\box38
\@tempa=\box39
\@tempa=\box40
\@tempa=\box41
\@tempa=\box42
\@tempa=\box43
\@tempa=\box44
\@tempa=\box45
\@tempa=\box46
\@tempa=\box47
\@tempa=\box48
\@tempa=\box49
\c@columnbadness=\count96
\c@finalcolumnbadness=\count97
\last@try=\dimen109
\multicolovershoot=\dimen110
\multicolundershoot=\dimen111
\mult@nat@firstbox=\box50
\colbreak@box=\box51
\multicol@sort@counter=\count98
)
\IndexMin=\dimen112
\c@IndexColumns=\count99
\GlossaryMin=\dimen113
\c@GlossaryColumns=\count100
\l@nohyphenation=\language70
\check@sum=\count101
\bslash@cnt=\count102
\wrong@table=\toks15
\c@CodelineNo=\count103
))
(C:\Users\Simon\Downloads\auctex-11.86\auctex-11.86\preview\latex\preview.sty
Package: preview 2010/02/14 11.86 (AUCTeX/preview-latex)
)
(C:\Users\Simon\Downloads\auctex-11.86\auctex-11.86\preview\latex\preview.aux)
LaTeX Font Info:    Checking defaults for OML/cmm/m/it on input line 29.
LaTeX Font Info:    ... okay on input line 29.
LaTeX Font Info:    Checking defaults for T1/cmr/m/n on input line 29.
LaTeX Font Info:    ... okay on input line 29.
LaTeX Font Info:    Checking defaults for OT1/cmr/m/n on input line 29.
LaTeX Font Info:    ... okay on input line 29.
LaTeX Font Info:    Checking defaults for OMS/cmsy/m/n on input line 29.
LaTeX Font Info:    ... okay on input line 29.
LaTeX Font Info:    Checking defaults for OMX/cmex/m/n on input line 29.
LaTeX Font Info:    ... okay on input line 29.
LaTeX Font Info:    Checking defaults for U/cmr/m/n on input line 29.
LaTeX Font Info:    ... okay on input line 29.
Package doc Info: Made | a short reference for \verb on input line 29.

(C:\Users\Simon\Downloads\auctex-11.86\auctex-11.86\preview\latex\preview.dtx
LaTeX Font Info:    External font `cmex10' loaded for size
(Font)              <17.28> on input line 28.
LaTeX Font Info:    External font `cmex10' loaded for size
(Font)              <12> on input line 28.
LaTeX Font Info:    External font `cmex10' loaded for size
(Font)              <8> on input line 28.
LaTeX Font Info:    External font `cmex10' loaded for size
(Font)              <6> on input line 28.
LaTeX Font Info:    External font `cmex10' loaded for size
(Font)              <5> on input line 28.
LaTeX Font Info:    External font `cmex10' loaded for size
(Font)              <7> on input line 31.

Overfull \hbox (2.944pt too wide) in paragraph at lines 42--51
\OT1/cmr/m/n/10 good al-ter-na-tive: Peo-ple make do by fid-dling around with [
]\OT1/cmtt/m/n/10 \thispagestyle{empty}
 []

[1

{C:/ProgramData/MiKTeX/2.9/pdftex/config/pdftex.map}]
LaTeX Font Info:    Font shape `OT1/cmtt/bx/n' in size <10> not available
(Font)              Font shape `OT1/cmtt/m/n' tried instead on input line 90.
 [2]
Overfull \hbox (6.0296pt too wide) in paragraph at lines 152--154
[][]\OT1/cmtt/m/n/10 latex '\RequirePackage[active,delayed,$\OMS/cmsy/m/n/10 h$
[]\OT1/cmr/m/it/10 options$\OMS/cmsy/m/n/10 i$[][]\OT1/cmtt/m/n/10 ]{preview}
 []

[3] [4] [5] [6] [7]

LaTeX Warning: Marginpar on page 8 moved.

) [8]
(C:\Users\Simon\Downloads\auctex-11.86\auctex-11.86\preview\latex\preview.aux) 
) 
Here is how much of TeX's memory you used:
 665 strings out of 494045
 8722 string characters out of 3148388
 64352 words of memory out of 3000000
 4008 multiletter control sequences out of 15000+200000
 9748 words of font info for 36 fonts, out of 3000000 for 9000
 715 hyphenation exceptions out of 8191
 31i,9n,21p,286b,215s stack positions out of 5000i,500n,10000p,200000b,50000s
<C:/Program Files/MiKTeX 2.9/fonts/type1/public/amsfonts/cm/cmbx12.pfb><C:/Pro
gram Files/MiKTeX 2.9/fonts/type1/public/amsfonts/cm/cmbxti10.pfb><C:/Program F
iles/MiKTeX 2.9/fonts/type1/public/amsfonts/cm/cmitt10.pfb><C:/Program Files/Mi
KTeX 2.9/fonts/type1/public/amsfonts/cm/cmr10.pfb><C:/Program Files/MiKTeX 2.9/
fonts/type1/public/amsfonts/cm/cmr12.pfb><C:/Program Files/MiKTeX 2.9/fonts/typ
e1/public/amsfonts/cm/cmr17.pfb><C:/Program Files/MiKTeX 2.9/fonts/type1/public
/amsfonts/cm/cmr7.pfb><C:/Program Files/MiKTeX 2.9/fonts/type1/public/amsfonts/
cm/cmsy10.pfb><C:/Program Files/MiKTeX 2.9/fonts/type1/public/amsfonts/cm/cmsy6
.pfb><C:/Program Files/MiKTeX 2.9/fonts/type1/public/amsfonts/cm/cmsy8.pfb><C:/
Program Files/MiKTeX 2.9/fonts/type1/public/amsfonts/cm/cmti10.pfb><C:/Program 
Files/MiKTeX 2.9/fonts/type1/public/amsfonts/cm/cmtt10.pfb><C:/Program Files/Mi
KTeX 2.9/fonts/type1/public/amsfonts/cm/cmtt12.pfb><C:/Program Files/MiKTeX 2.9
/fonts/type1/public/amsfonts/cm/cmtt8.pfb><C:/Program Files/MiKTeX 2.9/fonts/ty
pe1/public/amsfonts/cm/cmtt9.pfb>
Output written on preview.pdf (8 pages, 181471 bytes).
PDF statistics:
 89 PDF objects out of 1000 (max. 8388607)
 0 named destinations out of 1000 (max. 500000)
 1 words of extra memory for PDF output out of 10000 (max. 10000000)

